[debug] [2025-11-07T08:22:20.350Z] ----------------------------------------------------------------------
[debug] [2025-11-07T08:22:20.352Z] Command:       /usr/local/bin/node /Users/tatsu.mori/.npm-global/bin/firebase emulators:start --only functions
[debug] [2025-11-07T08:22:20.352Z] CLI Version:   14.24.0
[debug] [2025-11-07T08:22:20.352Z] Platform:      darwin
[debug] [2025-11-07T08:22:20.352Z] Node Version:  v22.19.0
[debug] [2025-11-07T08:22:20.353Z] Time:          Fri Nov 07 2025 17:22:20 GMT+0900 (Japan Standard Time)
[debug] [2025-11-07T08:22:20.353Z] ----------------------------------------------------------------------
[debug] 
[debug] [2025-11-07T08:22:20.468Z] > command requires scopes: ["email","openid","https://www.googleapis.com/auth/cloudplatformprojects.readonly","https://www.googleapis.com/auth/firebase","https://www.googleapis.com/auth/cloud-platform"]
[debug] [2025-11-07T08:22:20.468Z] > authorizing via signed-in user (tatsu.mori0211@gmail.com)
[info] i  emulators: Starting emulators: functions {"metadata":{"emulator":{"name":"hub"},"message":"Starting emulators: functions"}}
[debug] [2025-11-07T08:22:20.686Z] [logging] Logging Emulator only supports listening on one address (127.0.0.1). Not listening on ::1
[debug] [2025-11-07T08:22:20.686Z] assigned listening specs for emulators {"user":{"hub":[{"address":"127.0.0.1","family":"IPv4","port":4400},{"address":"::1","family":"IPv6","port":4400}],"ui":[{"address":"127.0.0.1","family":"IPv4","port":4000},{"address":"::1","family":"IPv6","port":4000}],"logging":[{"address":"127.0.0.1","family":"IPv4","port":4500}]},"metadata":{"message":"assigned listening specs for emulators"}}
[debug] [2025-11-07T08:22:20.689Z] Emulator locator file path: /var/folders/5_/st8rv9555492fv627pq7d8g80000gn/T/hub-gatsby-my-blog.json
[debug] [2025-11-07T08:22:20.689Z] [hub] writing locator at /var/folders/5_/st8rv9555492fv627pq7d8g80000gn/T/hub-gatsby-my-blog.json
[debug] [2025-11-07T08:22:20.909Z] [functions] Functions Emulator only supports listening on one address (127.0.0.1). Not listening on ::1
[debug] [2025-11-07T08:22:20.909Z] [eventarc] Eventarc Emulator only supports listening on one address (127.0.0.1). Not listening on ::1
[debug] [2025-11-07T08:22:20.909Z] [tasks] Cloud Tasks Emulator only supports listening on one address (127.0.0.1). Not listening on ::1
[debug] [2025-11-07T08:22:20.909Z] late-assigned ports for functions and eventarc emulators {"user":{"hub":[{"address":"127.0.0.1","family":"IPv4","port":4400},{"address":"::1","family":"IPv6","port":4400}],"ui":[{"address":"127.0.0.1","family":"IPv4","port":4000},{"address":"::1","family":"IPv6","port":4000}],"logging":[{"address":"127.0.0.1","family":"IPv4","port":4500}],"functions":[{"address":"127.0.0.1","family":"IPv4","port":5001}],"eventarc":[{"address":"127.0.0.1","family":"IPv4","port":9299}],"tasks":[{"address":"127.0.0.1","family":"IPv4","port":9499}]},"metadata":{"message":"late-assigned ports for functions and eventarc emulators"}}
[warn] ⚠  functions: The following emulators are not running, calls to these services from the Functions emulator will affect production: apphosting, auth, firestore, database, hosting, pubsub, storage, dataconnect {"metadata":{"emulator":{"name":"functions"},"message":"The following emulators are not running, calls to these services from the Functions emulator will affect production: \u001b[1mapphosting, auth, firestore, database, hosting, pubsub, storage, dataconnect\u001b[22m"}}
[debug] [2025-11-07T08:22:20.916Z] defaultcredentials: writing to file /Users/tatsu.mori/.config/firebase/tatsu_mori0211_gmail.com_application_default_credentials.json
[debug] [2025-11-07T08:22:20.917Z] Setting GAC to /Users/tatsu.mori/.config/firebase/tatsu_mori0211_gmail.com_application_default_credentials.json {"metadata":{"emulator":{"name":"functions"},"message":"Setting GAC to /Users/tatsu.mori/.config/firebase/tatsu_mori0211_gmail.com_application_default_credentials.json"}}
[debug] [2025-11-07T08:22:20.918Z] Checked if tokens are valid: true, expires at: 1762505250255
[debug] [2025-11-07T08:22:20.918Z] Checked if tokens are valid: true, expires at: 1762505250255
[debug] [2025-11-07T08:22:20.918Z] >>> [apiv2][query] GET https://firebase.googleapis.com/v1beta1/projects/gatsby-my-blog/adminSdkConfig [none]
[debug] [2025-11-07T08:22:21.340Z] <<< [apiv2][status] GET https://firebase.googleapis.com/v1beta1/projects/gatsby-my-blog/adminSdkConfig 200
[debug] [2025-11-07T08:22:21.340Z] <<< [apiv2][body] GET https://firebase.googleapis.com/v1beta1/projects/gatsby-my-blog/adminSdkConfig {"projectId":"gatsby-my-blog","storageBucket":"gatsby-my-blog.firebasestorage.app"}
[info] i  functions: Watching "/Users/tatsu.mori/Desktop/gatsby-new-my-blog/functions" for Cloud Functions... {"metadata":{"emulator":{"name":"functions"},"message":"Watching \"/Users/tatsu.mori/Desktop/gatsby-new-my-blog/functions\" for Cloud Functions..."}}
[debug] [2025-11-07T08:22:21.363Z] Validating nodejs source
[debug] [2025-11-07T08:22:21.733Z] > [functions] package.json contents: {
  "name": "functions",
  "scripts": {
    "lint": "eslint --ext .js,.ts .",
    "build": "tsc",
    "build:watch": "tsc --watch",
    "serve": "npm run build && firebase emulators:start --only functions",
    "shell": "npm run build && firebase functions:shell",
    "start": "npm run shell",
    "deploy": "firebase deploy --only functions",
    "logs": "firebase functions:log"
  },
  "engines": {
    "node": "22"
  },
  "main": "lib/index.js",
  "dependencies": {
    "firebase-admin": "^13.6.0",
    "firebase-functions": "^6.6.0"
  },
  "devDependencies": {
    "@typescript-eslint/eslint-plugin": "^5.12.0",
    "@typescript-eslint/parser": "^5.12.0",
    "eslint": "^8.9.0",
    "eslint-config-google": "^0.14.0",
    "eslint-plugin-import": "^2.25.4",
    "firebase-functions-test": "^3.1.0",
    "typescript": "^5.7.3"
  },
  "private": true
}
[debug] [2025-11-07T08:22:21.733Z] Building nodejs source
[debug] [2025-11-07T08:22:21.733Z] Failed to find version of module node: reached end of search path /Users/tatsu.mori/Desktop/gatsby-new-my-blog/functions/node_modules
[info] ✔  functions: Using node@22 from host. 
[debug] [2025-11-07T08:22:21.735Z] Could not find functions.yaml. Must use http discovery
[debug] [2025-11-07T08:22:21.738Z] Found firebase-functions binary at '/Users/tatsu.mori/Desktop/gatsby-new-my-blog/functions/node_modules/.bin/firebase-functions'
[info] Serving at port 8948

[debug] [2025-11-07T08:22:21.988Z] Got response from /__/functions.yaml {"endpoints":{"helloWorld":{"availableMemoryMb":null,"timeoutSeconds":null,"minInstances":null,"maxInstances":null,"ingressSettings":null,"concurrency":null,"serviceAccountEmail":null,"vpc":null,"platform":"gcfv2","labels":{},"httpsTrigger":{},"entryPoint":"helloWorld"},"logError":{"availableMemoryMb":null,"timeoutSeconds":null,"minInstances":null,"maxInstances":null,"ingressSettings":null,"concurrency":null,"serviceAccountEmail":null,"vpc":null,"platform":"gcfv2","labels":{},"httpsTrigger":{},"entryPoint":"logError"},"logTestError":{"availableMemoryMb":null,"timeoutSeconds":null,"minInstances":null,"maxInstances":null,"ingressSettings":null,"concurrency":null,"serviceAccountEmail":null,"vpc":null,"platform":"gcfv2","labels":{},"httpsTrigger":{},"entryPoint":"logTestError"}},"specVersion":"v1alpha1","requiredAPIs":[],"extensions":{}}
[info] ✔  functions: Loaded functions definitions from source: helloWorld, logError, logTestError. {"metadata":{"emulator":{"name":"functions"},"message":"Loaded functions definitions from source: helloWorld, logError, logTestError."}}
[info] ✔  functions[us-central1-helloWorld]: http function initialized (http://127.0.0.1:5001/gatsby-my-blog/us-central1/helloWorld). {"metadata":{"emulator":{"name":"functions"},"message":"\u001b[1mhttp\u001b[22m function initialized (http://127.0.0.1:5001/gatsby-my-blog/us-central1/helloWorld)."}}
[info] ✔  functions[us-central1-logError]: http function initialized (http://127.0.0.1:5001/gatsby-my-blog/us-central1/logError). {"metadata":{"emulator":{"name":"functions"},"message":"\u001b[1mhttp\u001b[22m function initialized (http://127.0.0.1:5001/gatsby-my-blog/us-central1/logError)."}}
[info] ✔  functions[us-central1-logTestError]: http function initialized (http://127.0.0.1:5001/gatsby-my-blog/us-central1/logTestError). {"metadata":{"emulator":{"name":"functions"},"message":"\u001b[1mhttp\u001b[22m function initialized (http://127.0.0.1:5001/gatsby-my-blog/us-central1/logTestError)."}}
[debug] [2025-11-07T08:22:26.019Z] Could not find VSCode notification endpoint: FetchError: request to http://localhost:40001/vscode/notify failed, reason: . If you are not running the Firebase Data Connect VSCode extension, this is expected and not an issue.
[info] 
┌─────────────────────────────────────────────────────────────┐
│ ✔  All emulators ready! It is now safe to connect your app. │
│ i  View Emulator UI at http://127.0.0.1:4000/               │
└─────────────────────────────────────────────────────────────┘

┌───────────┬────────────────┬─────────────────────────────────┐
│ Emulator  │ Host:Port      │ View in Emulator UI             │
├───────────┼────────────────┼─────────────────────────────────┤
│ Functions │ 127.0.0.1:5001 │ http://127.0.0.1:4000/functions │
└───────────┴────────────────┴─────────────────────────────────┘
  Emulator Hub host: 127.0.0.1 port: 4400
  Other reserved ports: 4500

Issues? Report them at https://github.com/firebase/firebase-tools/issues and attach the *-debug.log files.
 
[debug] [2025-11-07T08:22:28.334Z] [work-queue] {"queuedWork":["/gatsby-my-blog/us-central1/logTestError-2025-11-07T08:22:28.334Z"],"queueLength":1,"runningWork":[],"workRunningCount":0}
[debug] [2025-11-07T08:22:28.335Z] [work-queue] {"queuedWork":[],"queueLength":0,"runningWork":["/gatsby-my-blog/us-central1/logTestError-2025-11-07T08:22:28.334Z"],"workRunningCount":1}
[debug] [2025-11-07T08:22:28.335Z] Accepted request GET /gatsby-my-blog/us-central1/logTestError --> us-central1-logTestError
[debug] [2025-11-07T08:22:28.335Z] [functions] Runtime ready! Sending request! {"metadata":{"emulator":{"name":"functions"},"message":"[functions] Runtime ready! Sending request!"}}
[debug] [2025-11-07T08:22:28.336Z] [functions] Got req.url=/gatsby-my-blog/us-central1/logTestError, mapping to path=/ {"metadata":{"emulator":{"name":"functions"},"message":"[functions] Got req.url=/gatsby-my-blog/us-central1/logTestError, mapping to path=/"}}
[debug] [2025-11-07T08:22:28.338Z] [worker-pool] addWorker(us-central1-logTestError) {"metadata":{"emulator":{"name":"functions"},"message":"[worker-pool] addWorker(us-central1-logTestError)"}}
[debug] [2025-11-07T08:22:28.338Z] [worker-pool] Adding worker with key us-central1-logTestError, total=1 {"metadata":{"emulator":{"name":"functions"},"message":"[worker-pool] Adding worker with key us-central1-logTestError, total=1"}}
[debug] [2025-11-07T08:22:28.655Z] [runtime-status] [5343] Resolved module firebase-admin {"declared":true,"installed":true,"version":"13.6.0","resolution":"/Users/tatsu.mori/Desktop/gatsby-new-my-blog/functions/node_modules/firebase-admin/lib/index.js"} {"metadata":{"emulator":{"name":"functions"},"function":{"name":"us-central1-logTestError"},"extension":{},"message":"[runtime-status] [5343] Resolved module firebase-admin {\"declared\":true,\"installed\":true,\"version\":\"13.6.0\",\"resolution\":\"/Users/tatsu.mori/Desktop/gatsby-new-my-blog/functions/node_modules/firebase-admin/lib/index.js\"}"}}
[debug] [2025-11-07T08:22:28.655Z] [runtime-status] [5343] Resolved module firebase-functions {"declared":true,"installed":true,"version":"6.6.0","resolution":"/Users/tatsu.mori/Desktop/gatsby-new-my-blog/functions/node_modules/firebase-functions/lib/v2/index.js"} {"metadata":{"emulator":{"name":"functions"},"function":{"name":"us-central1-logTestError"},"extension":{},"message":"[runtime-status] [5343] Resolved module firebase-functions {\"declared\":true,\"installed\":true,\"version\":\"6.6.0\",\"resolution\":\"/Users/tatsu.mori/Desktop/gatsby-new-my-blog/functions/node_modules/firebase-functions/lib/v2/index.js\"}"}}
[debug] [2025-11-07T08:22:28.655Z] [runtime-status] [5343] Outgoing network have been stubbed. [{"name":"http","status":"mocked"},{"name":"http","status":"mocked"},{"name":"https","status":"mocked"},{"name":"https","status":"mocked"},{"name":"net","status":"mocked"}] {"metadata":{"emulator":{"name":"functions"},"function":{"name":"us-central1-logTestError"},"extension":{},"message":"[runtime-status] [5343] Outgoing network have been stubbed. [{\"name\":\"http\",\"status\":\"mocked\"},{\"name\":\"http\",\"status\":\"mocked\"},{\"name\":\"https\",\"status\":\"mocked\"},{\"name\":\"https\",\"status\":\"mocked\"},{\"name\":\"net\",\"status\":\"mocked\"}]"}}
[debug] [2025-11-07T08:22:28.656Z] [runtime-status] [5343] Resolved module firebase-functions {"declared":true,"installed":true,"version":"6.6.0","resolution":"/Users/tatsu.mori/Desktop/gatsby-new-my-blog/functions/node_modules/firebase-functions/lib/v2/index.js"} {"metadata":{"emulator":{"name":"functions"},"function":{"name":"us-central1-logTestError"},"extension":{},"message":"[runtime-status] [5343] Resolved module firebase-functions {\"declared\":true,\"installed\":true,\"version\":\"6.6.0\",\"resolution\":\"/Users/tatsu.mori/Desktop/gatsby-new-my-blog/functions/node_modules/firebase-functions/lib/v2/index.js\"}"}}
[debug] [2025-11-07T08:22:28.748Z] [runtime-status] [5343] Checked functions.config() {"config":{}} {"metadata":{"emulator":{"name":"functions"},"function":{"name":"us-central1-logTestError"},"extension":{},"message":"[runtime-status] [5343] Checked functions.config() {\"config\":{}}"}}
[debug] [2025-11-07T08:22:28.748Z] [runtime-status] [5343] firebase-functions has been stubbed. {"functionsResolution":{"declared":true,"installed":true,"version":"6.6.0","resolution":"/Users/tatsu.mori/Desktop/gatsby-new-my-blog/functions/node_modules/firebase-functions/lib/v2/index.js"}} {"metadata":{"emulator":{"name":"functions"},"function":{"name":"us-central1-logTestError"},"extension":{},"message":"[runtime-status] [5343] firebase-functions has been stubbed. {\"functionsResolution\":{\"declared\":true,\"installed\":true,\"version\":\"6.6.0\",\"resolution\":\"/Users/tatsu.mori/Desktop/gatsby-new-my-blog/functions/node_modules/firebase-functions/lib/v2/index.js\"}}"}}
[debug] [2025-11-07T08:22:28.748Z] [runtime-status] [5343] Resolved module firebase-functions {"declared":true,"installed":true,"version":"6.6.0","resolution":"/Users/tatsu.mori/Desktop/gatsby-new-my-blog/functions/node_modules/firebase-functions/lib/v2/index.js"} {"metadata":{"emulator":{"name":"functions"},"function":{"name":"us-central1-logTestError"},"extension":{},"message":"[runtime-status] [5343] Resolved module firebase-functions {\"declared\":true,\"installed\":true,\"version\":\"6.6.0\",\"resolution\":\"/Users/tatsu.mori/Desktop/gatsby-new-my-blog/functions/node_modules/firebase-functions/lib/v2/index.js\"}"}}
[debug] [2025-11-07T08:22:28.750Z] [runtime-status] [5343] Resolved module firebase-admin {"declared":true,"installed":true,"version":"13.6.0","resolution":"/Users/tatsu.mori/Desktop/gatsby-new-my-blog/functions/node_modules/firebase-admin/lib/index.js"} {"metadata":{"emulator":{"name":"functions"},"function":{"name":"us-central1-logTestError"},"extension":{},"message":"[runtime-status] [5343] Resolved module firebase-admin {\"declared\":true,\"installed\":true,\"version\":\"13.6.0\",\"resolution\":\"/Users/tatsu.mori/Desktop/gatsby-new-my-blog/functions/node_modules/firebase-admin/lib/index.js\"}"}}
[debug] [2025-11-07T08:22:28.751Z] [runtime-status] [5343] Resolved module firebase-functions {"declared":true,"installed":true,"version":"6.6.0","resolution":"/Users/tatsu.mori/Desktop/gatsby-new-my-blog/functions/node_modules/firebase-functions/lib/v2/index.js"} {"metadata":{"emulator":{"name":"functions"},"function":{"name":"us-central1-logTestError"},"extension":{},"message":"[runtime-status] [5343] Resolved module firebase-functions {\"declared\":true,\"installed\":true,\"version\":\"6.6.0\",\"resolution\":\"/Users/tatsu.mori/Desktop/gatsby-new-my-blog/functions/node_modules/firebase-functions/lib/v2/index.js\"}"}}
[debug] [2025-11-07T08:22:28.751Z] [runtime-status] [5343] firebase-admin has been stubbed. {"adminResolution":{"declared":true,"installed":true,"version":"13.6.0","resolution":"/Users/tatsu.mori/Desktop/gatsby-new-my-blog/functions/node_modules/firebase-admin/lib/index.js"}} {"metadata":{"emulator":{"name":"functions"},"function":{"name":"us-central1-logTestError"},"extension":{},"message":"[runtime-status] [5343] firebase-admin has been stubbed. {\"adminResolution\":{\"declared\":true,\"installed\":true,\"version\":\"13.6.0\",\"resolution\":\"/Users/tatsu.mori/Desktop/gatsby-new-my-blog/functions/node_modules/firebase-admin/lib/index.js\"}}"}}
[debug] [2025-11-07T08:22:28.752Z] [runtime-status] [5343] initializeApp(DEFAULT) {"storageBucket":"gatsby-my-blog.firebasestorage.app","projectId":"gatsby-my-blog"} {"metadata":{"emulator":{"name":"functions"},"function":{"name":"us-central1-logTestError"},"extension":{},"message":"[runtime-status] [5343] initializeApp(DEFAULT) {\"storageBucket\":\"gatsby-my-blog.firebasestorage.app\",\"projectId\":\"gatsby-my-blog\"}"}}
[warn] ⚠  functions: The Cloud Firestore emulator is not running, so calls to Firestore will affect production. {"metadata":{"emulator":{"name":"functions"},"function":{"name":"us-central1-logTestError"},"extension":{},"message":"The Cloud Firestore emulator is not running, so calls to Firestore will affect production."}}
[debug] [2025-11-07T08:22:28.753Z] [runtime-status] [5343] initializeApp(DEFAULT) {"storageBucket":"gatsby-my-blog.firebasestorage.app","projectId":"gatsby-my-blog"} {"metadata":{"emulator":{"name":"functions"},"function":{"name":"us-central1-logTestError"},"extension":{},"message":"[runtime-status] [5343] initializeApp(DEFAULT) {\"storageBucket\":\"gatsby-my-blog.firebasestorage.app\",\"projectId\":\"gatsby-my-blog\"}"}}
[debug] [2025-11-07T08:22:28.757Z] [runtime-status] [5343] Functions runtime initialized. {"cwd":"/Users/tatsu.mori/Desktop/gatsby-new-my-blog/functions","node_version":"22.19.0"} {"metadata":{"emulator":{"name":"functions"},"function":{"name":"us-central1-logTestError"},"extension":{},"message":"[runtime-status] [5343] Functions runtime initialized. {\"cwd\":\"/Users/tatsu.mori/Desktop/gatsby-new-my-blog/functions\",\"node_version\":\"22.19.0\"}"}}
[debug] [2025-11-07T08:22:28.757Z] [runtime-status] [5343] Listening to port: /var/folders/5_/st8rv9555492fv627pq7d8g80000gn/T/fire_emu_673bd67026d3c7d7.sock {"metadata":{"emulator":{"name":"functions"},"function":{"name":"us-central1-logTestError"},"extension":{},"message":"[runtime-status] [5343] Listening to port: /var/folders/5_/st8rv9555492fv627pq7d8g80000gn/T/fire_emu_673bd67026d3c7d7.sock"}}
[debug] [2025-11-07T08:22:28.849Z] [worker-us-central1-logTestError-23ed4a80-a94d-4631-ab5b-f7ca33dbe01c]: IDLE {"metadata":{"emulator":{"name":"functions"},"function":{"name":"us-central1-logTestError"},"extension":{},"message":"[worker-us-central1-logTestError-23ed4a80-a94d-4631-ab5b-f7ca33dbe01c]: IDLE"}}
[debug] [2025-11-07T08:22:28.849Z] [worker-pool] submitRequest(triggerId=us-central1-logTestError) {"metadata":{"emulator":{"name":"functions"},"message":"[worker-pool] submitRequest(triggerId=us-central1-logTestError)"}}
[info] i  functions: Beginning execution of "us-central1-logTestError" {"metadata":{"emulator":{"name":"functions"},"function":{"name":"us-central1-logTestError"},"extension":{},"message":"Beginning execution of \"us-central1-logTestError\""}}
[debug] [2025-11-07T08:22:28.849Z] [worker-us-central1-logTestError-23ed4a80-a94d-4631-ab5b-f7ca33dbe01c]: BUSY {"metadata":{"emulator":{"name":"functions"},"function":{"name":"us-central1-logTestError"},"extension":{},"message":"[worker-us-central1-logTestError-23ed4a80-a94d-4631-ab5b-f7ca33dbe01c]: BUSY"}}
[warn] ⚠  Google API requested!
   - URL: "https://oauth2.googleapis.com/token"
   - Be careful, this may be a production service. {"metadata":{"emulator":{"name":"functions"},"function":{"name":"us-central1-logTestError"},"extension":{},"message":"Google API requested!\n   - URL: \"https://oauth2.googleapis.com/token\"\n   - Be careful, this may be a production service."}}
[debug] [2025-11-07T08:22:30.392Z] Finishing up request with event=pause {"metadata":{"emulator":{"name":"functions"},"function":{"name":"us-central1-logTestError"},"extension":{},"message":"Finishing up request with event=pause"}}
[info] i  functions: Finished "us-central1-logTestError" in 1543.1948750000001ms {"metadata":{"emulator":{"name":"functions"},"function":{"name":"us-central1-logTestError"},"extension":{},"message":"Finished \"us-central1-logTestError\" in 1543.1948750000001ms"}}
[debug] [2025-11-07T08:22:30.392Z] [worker-us-central1-logTestError-23ed4a80-a94d-4631-ab5b-f7ca33dbe01c]: IDLE {"metadata":{"emulator":{"name":"functions"},"function":{"name":"us-central1-logTestError"},"extension":{},"message":"[worker-us-central1-logTestError-23ed4a80-a94d-4631-ab5b-f7ca33dbe01c]: IDLE"}}
[debug] [2025-11-07T08:22:30.392Z] Finishing up request with event=finish {"metadata":{"emulator":{"name":"functions"},"function":{"name":"us-central1-logTestError"},"extension":{},"message":"Finishing up request with event=finish"}}
[debug] [2025-11-07T08:22:30.392Z] Finishing up request with event=close {"metadata":{"emulator":{"name":"functions"},"function":{"name":"us-central1-logTestError"},"extension":{},"message":"Finishing up request with event=close"}}
[debug] [2025-11-07T08:22:30.392Z] [work-queue] {"queuedWork":[],"queueLength":0,"runningWork":[],"workRunningCount":0}
[debug] [2025-11-07T08:24:51.297Z] File /Users/tatsu.mori/Desktop/gatsby-new-my-blog/functions/src/index.ts changed, reloading triggers {"metadata":{"emulator":{"name":"functions"},"message":"File /Users/tatsu.mori/Desktop/gatsby-new-my-blog/functions/src/index.ts changed, reloading triggers"}}
[debug] [2025-11-07T08:24:52.300Z] Validating nodejs source
[debug] [2025-11-07T08:24:52.695Z] > [functions] package.json contents: {
  "name": "functions",
  "scripts": {
    "lint": "eslint --ext .js,.ts .",
    "build": "tsc",
    "build:watch": "tsc --watch",
    "serve": "npm run build && firebase emulators:start --only functions",
    "shell": "npm run build && firebase functions:shell",
    "start": "npm run shell",
    "deploy": "firebase deploy --only functions",
    "logs": "firebase functions:log"
  },
  "engines": {
    "node": "22"
  },
  "main": "lib/index.js",
  "dependencies": {
    "firebase-admin": "^13.6.0",
    "firebase-functions": "^6.6.0"
  },
  "devDependencies": {
    "@typescript-eslint/eslint-plugin": "^5.12.0",
    "@typescript-eslint/parser": "^5.12.0",
    "eslint": "^8.9.0",
    "eslint-config-google": "^0.14.0",
    "eslint-plugin-import": "^2.25.4",
    "firebase-functions-test": "^3.1.0",
    "typescript": "^5.7.3"
  },
  "private": true
}
[debug] [2025-11-07T08:24:52.695Z] Building nodejs source
[debug] [2025-11-07T08:24:52.695Z] Failed to find version of module node: reached end of search path /Users/tatsu.mori/Desktop/gatsby-new-my-blog/functions/node_modules
[info] ✔  functions: Using node@22 from host. 
[debug] [2025-11-07T08:24:52.695Z] Could not find functions.yaml. Must use http discovery
[debug] [2025-11-07T08:24:52.696Z] Found firebase-functions binary at '/Users/tatsu.mori/Desktop/gatsby-new-my-blog/functions/node_modules/.bin/firebase-functions'
[info] Serving at port 8019

[debug] [2025-11-07T08:24:52.957Z] Got response from /__/functions.yaml {"endpoints":{"helloWorld":{"availableMemoryMb":null,"timeoutSeconds":null,"minInstances":null,"maxInstances":null,"ingressSettings":null,"concurrency":null,"serviceAccountEmail":null,"vpc":null,"platform":"gcfv2","labels":{},"httpsTrigger":{},"entryPoint":"helloWorld"},"logError":{"availableMemoryMb":null,"timeoutSeconds":null,"minInstances":null,"maxInstances":null,"ingressSettings":null,"concurrency":null,"serviceAccountEmail":null,"vpc":null,"platform":"gcfv2","labels":{},"httpsTrigger":{},"entryPoint":"logError"},"logTestError":{"availableMemoryMb":null,"timeoutSeconds":null,"minInstances":null,"maxInstances":null,"ingressSettings":null,"concurrency":null,"serviceAccountEmail":null,"vpc":null,"platform":"gcfv2","labels":{},"httpsTrigger":{},"entryPoint":"logTestError"}},"specVersion":"v1alpha1","requiredAPIs":[],"extensions":{}}
[info] ✔  functions: Loaded functions definitions from source: helloWorld, logError, logTestError. {"metadata":{"emulator":{"name":"functions"},"message":"Loaded functions definitions from source: helloWorld, logError, logTestError."}}
[debug] [2025-11-07T08:24:56.968Z] [worker-pool] Shutting down IDLE worker (us-central1-logTestError) {"metadata":{"emulator":{"name":"functions"},"message":"[worker-pool] Shutting down IDLE worker (us-central1-logTestError)"}}
[debug] [2025-11-07T08:24:56.968Z] [worker-us-central1-logTestError-23ed4a80-a94d-4631-ab5b-f7ca33dbe01c]: FINISHING {"metadata":{"emulator":{"name":"functions"},"function":{"name":"us-central1-logTestError"},"extension":{},"message":"[worker-us-central1-logTestError-23ed4a80-a94d-4631-ab5b-f7ca33dbe01c]: FINISHING"}}
[debug] [2025-11-07T08:24:56.974Z] [worker-us-central1-logTestError-23ed4a80-a94d-4631-ab5b-f7ca33dbe01c]: exited {"metadata":{"emulator":{"name":"functions"},"function":{"name":"us-central1-logTestError"},"extension":{},"message":"[worker-us-central1-logTestError-23ed4a80-a94d-4631-ab5b-f7ca33dbe01c]: exited"}}
[debug] [2025-11-07T08:24:56.974Z] [worker-us-central1-logTestError-23ed4a80-a94d-4631-ab5b-f7ca33dbe01c]: FINISHED {"metadata":{"emulator":{"name":"functions"},"function":{"name":"us-central1-logTestError"},"extension":{},"message":"[worker-us-central1-logTestError-23ed4a80-a94d-4631-ab5b-f7ca33dbe01c]: FINISHED"}}
[debug] [2025-11-10T02:32:42.601Z] ----------------------------------------------------------------------
[debug] [2025-11-10T02:32:42.603Z] Command:       /usr/local/bin/node /Users/tatsu.mori/.npm-global/bin/firebase emulators:start --only functions
[debug] [2025-11-10T02:32:42.603Z] CLI Version:   14.24.0
[debug] [2025-11-10T02:32:42.603Z] Platform:      darwin
[debug] [2025-11-10T02:32:42.603Z] Node Version:  v22.19.0
[debug] [2025-11-10T02:32:42.603Z] Time:          Mon Nov 10 2025 11:32:42 GMT+0900 (Japan Standard Time)
[debug] [2025-11-10T02:32:42.603Z] ----------------------------------------------------------------------
[debug] 
[debug] [2025-11-10T02:32:42.604Z] >>> [apiv2][query] GET https://firebase-public.firebaseio.com/cli.json [none]
[debug] [2025-11-10T02:32:42.720Z] > command requires scopes: ["email","openid","https://www.googleapis.com/auth/cloudplatformprojects.readonly","https://www.googleapis.com/auth/firebase","https://www.googleapis.com/auth/cloud-platform"]
[debug] [2025-11-10T02:32:42.720Z] > authorizing via signed-in user (tatsu.mori0211@gmail.com)
[info] i  emulators: Starting emulators: functions {"metadata":{"emulator":{"name":"hub"},"message":"Starting emulators: functions"}}
[debug] [2025-11-10T02:32:42.924Z] [logging] Logging Emulator only supports listening on one address (127.0.0.1). Not listening on ::1
[debug] [2025-11-10T02:32:42.924Z] assigned listening specs for emulators {"user":{"hub":[{"address":"127.0.0.1","family":"IPv4","port":4400},{"address":"::1","family":"IPv6","port":4400}],"ui":[{"address":"127.0.0.1","family":"IPv4","port":4000},{"address":"::1","family":"IPv6","port":4000}],"logging":[{"address":"127.0.0.1","family":"IPv4","port":4500}]},"metadata":{"message":"assigned listening specs for emulators"}}
[debug] [2025-11-10T02:32:42.927Z] Emulator locator file path: /var/folders/5_/st8rv9555492fv627pq7d8g80000gn/T/hub-gatsby-my-blog.json
[debug] [2025-11-10T02:32:42.927Z] [hub] writing locator at /var/folders/5_/st8rv9555492fv627pq7d8g80000gn/T/hub-gatsby-my-blog.json
[debug] [2025-11-10T02:32:43.132Z] [functions] Functions Emulator only supports listening on one address (127.0.0.1). Not listening on ::1
[debug] [2025-11-10T02:32:43.132Z] [eventarc] Eventarc Emulator only supports listening on one address (127.0.0.1). Not listening on ::1
[debug] [2025-11-10T02:32:43.132Z] [tasks] Cloud Tasks Emulator only supports listening on one address (127.0.0.1). Not listening on ::1
[debug] [2025-11-10T02:32:43.132Z] late-assigned ports for functions and eventarc emulators {"user":{"hub":[{"address":"127.0.0.1","family":"IPv4","port":4400},{"address":"::1","family":"IPv6","port":4400}],"ui":[{"address":"127.0.0.1","family":"IPv4","port":4000},{"address":"::1","family":"IPv6","port":4000}],"logging":[{"address":"127.0.0.1","family":"IPv4","port":4500}],"functions":[{"address":"127.0.0.1","family":"IPv4","port":5001}],"eventarc":[{"address":"127.0.0.1","family":"IPv4","port":9299}],"tasks":[{"address":"127.0.0.1","family":"IPv4","port":9499}]},"metadata":{"message":"late-assigned ports for functions and eventarc emulators"}}
[warn] ⚠  functions: The following emulators are not running, calls to these services from the Functions emulator will affect production: apphosting, auth, firestore, database, hosting, pubsub, storage, dataconnect {"metadata":{"emulator":{"name":"functions"},"message":"The following emulators are not running, calls to these services from the Functions emulator will affect production: \u001b[1mapphosting, auth, firestore, database, hosting, pubsub, storage, dataconnect\u001b[22m"}}
[debug] [2025-11-10T02:32:43.148Z] defaultcredentials: writing to file /Users/tatsu.mori/.config/firebase/tatsu_mori0211_gmail.com_application_default_credentials.json
[debug] [2025-11-10T02:32:43.148Z] Setting GAC to /Users/tatsu.mori/.config/firebase/tatsu_mori0211_gmail.com_application_default_credentials.json {"metadata":{"emulator":{"name":"functions"},"message":"Setting GAC to /Users/tatsu.mori/.config/firebase/tatsu_mori0211_gmail.com_application_default_credentials.json"}}
[debug] [2025-11-10T02:32:43.149Z] Checked if tokens are valid: false, expires at: 1762505250255
[debug] [2025-11-10T02:32:43.149Z] Checked if tokens are valid: false, expires at: 1762505250255
[debug] [2025-11-10T02:32:43.149Z] > refreshing access token with scopes: []
[debug] [2025-11-10T02:32:43.149Z] >>> [apiv2][query] POST https://www.googleapis.com/oauth2/v3/token [none]
[debug] [2025-11-10T02:32:43.149Z] >>> [apiv2][body] POST https://www.googleapis.com/oauth2/v3/token [omitted]
[debug] [2025-11-10T02:32:43.285Z] <<< [apiv2][status] POST https://www.googleapis.com/oauth2/v3/token 200
[debug] [2025-11-10T02:32:43.285Z] <<< [apiv2][body] POST https://www.googleapis.com/oauth2/v3/token [omitted]
[debug] [2025-11-10T02:32:43.298Z] >>> [apiv2][query] GET https://firebase.googleapis.com/v1beta1/projects/gatsby-my-blog/adminSdkConfig [none]
[debug] [2025-11-10T02:32:43.426Z] <<< [apiv2][status] GET https://firebase-public.firebaseio.com/cli.json 200
[debug] [2025-11-10T02:32:43.427Z] <<< [apiv2][body] GET https://firebase-public.firebaseio.com/cli.json {"cloudBuildErrorAfter":1594252800000,"cloudBuildWarnAfter":1590019200000,"defaultNode10After":1594252800000,"minVersion":"3.0.5","node8DeploysDisabledAfter":1613390400000,"node8RuntimeDisabledAfter":1615809600000,"node8WarnAfter":1600128000000}
[debug] [2025-11-10T02:32:43.715Z] <<< [apiv2][status] GET https://firebase.googleapis.com/v1beta1/projects/gatsby-my-blog/adminSdkConfig 200
[debug] [2025-11-10T02:32:43.715Z] <<< [apiv2][body] GET https://firebase.googleapis.com/v1beta1/projects/gatsby-my-blog/adminSdkConfig {"projectId":"gatsby-my-blog","storageBucket":"gatsby-my-blog.firebasestorage.app"}
[info] i  functions: Watching "/Users/tatsu.mori/Desktop/gatsby-new-my-blog/functions" for Cloud Functions... {"metadata":{"emulator":{"name":"functions"},"message":"Watching \"/Users/tatsu.mori/Desktop/gatsby-new-my-blog/functions\" for Cloud Functions..."}}
[debug] [2025-11-10T02:32:43.744Z] Validating nodejs source
[debug] [2025-11-10T02:32:44.190Z] > [functions] package.json contents: {
  "name": "functions",
  "scripts": {
    "lint": "eslint --ext .js,.ts .",
    "build": "tsc",
    "build:watch": "tsc --watch",
    "serve": "npm run build && firebase emulators:start --only functions",
    "shell": "npm run build && firebase functions:shell",
    "start": "npm run shell",
    "deploy": "firebase deploy --only functions",
    "logs": "firebase functions:log"
  },
  "engines": {
    "node": "22"
  },
  "main": "lib/index.js",
  "dependencies": {
    "firebase-admin": "^13.6.0",
    "firebase-functions": "^6.6.0"
  },
  "devDependencies": {
    "@typescript-eslint/eslint-plugin": "^5.12.0",
    "@typescript-eslint/parser": "^5.12.0",
    "eslint": "^8.9.0",
    "eslint-config-google": "^0.14.0",
    "eslint-plugin-import": "^2.25.4",
    "firebase-functions-test": "^3.1.0",
    "typescript": "^5.7.3"
  },
  "private": true
}
[debug] [2025-11-10T02:32:44.190Z] Building nodejs source
[debug] [2025-11-10T02:32:44.190Z] Failed to find version of module node: reached end of search path /Users/tatsu.mori/Desktop/gatsby-new-my-blog/functions/node_modules
[info] ✔  functions: Using node@22 from host. 
[debug] [2025-11-10T02:32:44.192Z] Could not find functions.yaml. Must use http discovery
[debug] [2025-11-10T02:32:44.195Z] Found firebase-functions binary at '/Users/tatsu.mori/Desktop/gatsby-new-my-blog/functions/node_modules/.bin/firebase-functions'
[info] Serving at port 8063

[debug] [2025-11-10T02:32:44.458Z] Got response from /__/functions.yaml {"endpoints":{"helloWorld":{"availableMemoryMb":null,"timeoutSeconds":null,"minInstances":null,"maxInstances":null,"ingressSettings":null,"concurrency":null,"serviceAccountEmail":null,"vpc":null,"platform":"gcfv2","labels":{},"httpsTrigger":{},"entryPoint":"helloWorld"},"logError":{"availableMemoryMb":null,"timeoutSeconds":null,"minInstances":null,"maxInstances":null,"ingressSettings":null,"concurrency":null,"serviceAccountEmail":null,"vpc":null,"platform":"gcfv2","labels":{},"httpsTrigger":{},"entryPoint":"logError"},"logTestError":{"availableMemoryMb":null,"timeoutSeconds":null,"minInstances":null,"maxInstances":null,"ingressSettings":null,"concurrency":null,"serviceAccountEmail":null,"vpc":null,"platform":"gcfv2","labels":{},"httpsTrigger":{},"entryPoint":"logTestError"}},"specVersion":"v1alpha1","requiredAPIs":[],"extensions":{}}
[info] ✔  functions: Loaded functions definitions from source: helloWorld, logError, logTestError. {"metadata":{"emulator":{"name":"functions"},"message":"Loaded functions definitions from source: helloWorld, logError, logTestError."}}
[info] ✔  functions[us-central1-helloWorld]: http function initialized (http://127.0.0.1:5001/gatsby-my-blog/us-central1/helloWorld). {"metadata":{"emulator":{"name":"functions"},"message":"\u001b[1mhttp\u001b[22m function initialized (http://127.0.0.1:5001/gatsby-my-blog/us-central1/helloWorld)."}}
[info] ✔  functions[us-central1-logError]: http function initialized (http://127.0.0.1:5001/gatsby-my-blog/us-central1/logError). {"metadata":{"emulator":{"name":"functions"},"message":"\u001b[1mhttp\u001b[22m function initialized (http://127.0.0.1:5001/gatsby-my-blog/us-central1/logError)."}}
[info] ✔  functions[us-central1-logTestError]: http function initialized (http://127.0.0.1:5001/gatsby-my-blog/us-central1/logTestError). {"metadata":{"emulator":{"name":"functions"},"message":"\u001b[1mhttp\u001b[22m function initialized (http://127.0.0.1:5001/gatsby-my-blog/us-central1/logTestError)."}}
[debug] [2025-11-10T02:32:48.486Z] Could not find VSCode notification endpoint: FetchError: request to http://localhost:40001/vscode/notify failed, reason: . If you are not running the Firebase Data Connect VSCode extension, this is expected and not an issue.
[info] 
┌─────────────────────────────────────────────────────────────┐
│ ✔  All emulators ready! It is now safe to connect your app. │
│ i  View Emulator UI at http://127.0.0.1:4000/               │
└─────────────────────────────────────────────────────────────┘

┌───────────┬────────────────┬─────────────────────────────────┐
│ Emulator  │ Host:Port      │ View in Emulator UI             │
├───────────┼────────────────┼─────────────────────────────────┤
│ Functions │ 127.0.0.1:5001 │ http://127.0.0.1:4000/functions │
└───────────┴────────────────┴─────────────────────────────────┘
  Emulator Hub host: 127.0.0.1 port: 4400
  Other reserved ports: 4500

Issues? Report them at https://github.com/firebase/firebase-tools/issues and attach the *-debug.log files.
 
[debug] [2025-11-10T02:32:54.255Z] [work-queue] {"queuedWork":["/gatsby-my-blog/us-central1/logTestError-2025-11-10T02:32:54.255Z"],"queueLength":1,"runningWork":[],"workRunningCount":0}
[debug] [2025-11-10T02:32:54.255Z] [work-queue] {"queuedWork":[],"queueLength":0,"runningWork":["/gatsby-my-blog/us-central1/logTestError-2025-11-10T02:32:54.255Z"],"workRunningCount":1}
[debug] [2025-11-10T02:32:54.255Z] Accepted request GET /gatsby-my-blog/us-central1/logTestError --> us-central1-logTestError
[debug] [2025-11-10T02:32:54.257Z] [functions] Runtime ready! Sending request! {"metadata":{"emulator":{"name":"functions"},"message":"[functions] Runtime ready! Sending request!"}}
[debug] [2025-11-10T02:32:54.257Z] [functions] Got req.url=/gatsby-my-blog/us-central1/logTestError, mapping to path=/ {"metadata":{"emulator":{"name":"functions"},"message":"[functions] Got req.url=/gatsby-my-blog/us-central1/logTestError, mapping to path=/"}}
[debug] [2025-11-10T02:32:54.260Z] [worker-pool] addWorker(us-central1-logTestError) {"metadata":{"emulator":{"name":"functions"},"message":"[worker-pool] addWorker(us-central1-logTestError)"}}
[debug] [2025-11-10T02:32:54.260Z] [worker-pool] Adding worker with key us-central1-logTestError, total=1 {"metadata":{"emulator":{"name":"functions"},"message":"[worker-pool] Adding worker with key us-central1-logTestError, total=1"}}
[debug] [2025-11-10T02:32:54.563Z] [runtime-status] [3380] Resolved module firebase-admin {"declared":true,"installed":true,"version":"13.6.0","resolution":"/Users/tatsu.mori/Desktop/gatsby-new-my-blog/functions/node_modules/firebase-admin/lib/index.js"} {"metadata":{"emulator":{"name":"functions"},"function":{"name":"us-central1-logTestError"},"extension":{},"message":"[runtime-status] [3380] Resolved module firebase-admin {\"declared\":true,\"installed\":true,\"version\":\"13.6.0\",\"resolution\":\"/Users/tatsu.mori/Desktop/gatsby-new-my-blog/functions/node_modules/firebase-admin/lib/index.js\"}"}}
[debug] [2025-11-10T02:32:54.563Z] [runtime-status] [3380] Resolved module firebase-functions {"declared":true,"installed":true,"version":"6.6.0","resolution":"/Users/tatsu.mori/Desktop/gatsby-new-my-blog/functions/node_modules/firebase-functions/lib/v2/index.js"} {"metadata":{"emulator":{"name":"functions"},"function":{"name":"us-central1-logTestError"},"extension":{},"message":"[runtime-status] [3380] Resolved module firebase-functions {\"declared\":true,\"installed\":true,\"version\":\"6.6.0\",\"resolution\":\"/Users/tatsu.mori/Desktop/gatsby-new-my-blog/functions/node_modules/firebase-functions/lib/v2/index.js\"}"}}
[debug] [2025-11-10T02:32:54.563Z] [runtime-status] [3380] Outgoing network have been stubbed. [{"name":"http","status":"mocked"},{"name":"http","status":"mocked"},{"name":"https","status":"mocked"},{"name":"https","status":"mocked"},{"name":"net","status":"mocked"}] {"metadata":{"emulator":{"name":"functions"},"function":{"name":"us-central1-logTestError"},"extension":{},"message":"[runtime-status] [3380] Outgoing network have been stubbed. [{\"name\":\"http\",\"status\":\"mocked\"},{\"name\":\"http\",\"status\":\"mocked\"},{\"name\":\"https\",\"status\":\"mocked\"},{\"name\":\"https\",\"status\":\"mocked\"},{\"name\":\"net\",\"status\":\"mocked\"}]"}}
[debug] [2025-11-10T02:32:54.564Z] [runtime-status] [3380] Resolved module firebase-functions {"declared":true,"installed":true,"version":"6.6.0","resolution":"/Users/tatsu.mori/Desktop/gatsby-new-my-blog/functions/node_modules/firebase-functions/lib/v2/index.js"} {"metadata":{"emulator":{"name":"functions"},"function":{"name":"us-central1-logTestError"},"extension":{},"message":"[runtime-status] [3380] Resolved module firebase-functions {\"declared\":true,\"installed\":true,\"version\":\"6.6.0\",\"resolution\":\"/Users/tatsu.mori/Desktop/gatsby-new-my-blog/functions/node_modules/firebase-functions/lib/v2/index.js\"}"}}
[debug] [2025-11-10T02:32:54.652Z] [runtime-status] [3380] Checked functions.config() {"config":{}} {"metadata":{"emulator":{"name":"functions"},"function":{"name":"us-central1-logTestError"},"extension":{},"message":"[runtime-status] [3380] Checked functions.config() {\"config\":{}}"}}
[debug] [2025-11-10T02:32:54.652Z] [runtime-status] [3380] firebase-functions has been stubbed. {"functionsResolution":{"declared":true,"installed":true,"version":"6.6.0","resolution":"/Users/tatsu.mori/Desktop/gatsby-new-my-blog/functions/node_modules/firebase-functions/lib/v2/index.js"}} {"metadata":{"emulator":{"name":"functions"},"function":{"name":"us-central1-logTestError"},"extension":{},"message":"[runtime-status] [3380] firebase-functions has been stubbed. {\"functionsResolution\":{\"declared\":true,\"installed\":true,\"version\":\"6.6.0\",\"resolution\":\"/Users/tatsu.mori/Desktop/gatsby-new-my-blog/functions/node_modules/firebase-functions/lib/v2/index.js\"}}"}}
[debug] [2025-11-10T02:32:54.653Z] [runtime-status] [3380] Resolved module firebase-functions {"declared":true,"installed":true,"version":"6.6.0","resolution":"/Users/tatsu.mori/Desktop/gatsby-new-my-blog/functions/node_modules/firebase-functions/lib/v2/index.js"} {"metadata":{"emulator":{"name":"functions"},"function":{"name":"us-central1-logTestError"},"extension":{},"message":"[runtime-status] [3380] Resolved module firebase-functions {\"declared\":true,\"installed\":true,\"version\":\"6.6.0\",\"resolution\":\"/Users/tatsu.mori/Desktop/gatsby-new-my-blog/functions/node_modules/firebase-functions/lib/v2/index.js\"}"}}
[debug] [2025-11-10T02:32:54.655Z] [runtime-status] [3380] Resolved module firebase-admin {"declared":true,"installed":true,"version":"13.6.0","resolution":"/Users/tatsu.mori/Desktop/gatsby-new-my-blog/functions/node_modules/firebase-admin/lib/index.js"} {"metadata":{"emulator":{"name":"functions"},"function":{"name":"us-central1-logTestError"},"extension":{},"message":"[runtime-status] [3380] Resolved module firebase-admin {\"declared\":true,\"installed\":true,\"version\":\"13.6.0\",\"resolution\":\"/Users/tatsu.mori/Desktop/gatsby-new-my-blog/functions/node_modules/firebase-admin/lib/index.js\"}"}}
[debug] [2025-11-10T02:32:54.655Z] [runtime-status] [3380] Resolved module firebase-functions {"declared":true,"installed":true,"version":"6.6.0","resolution":"/Users/tatsu.mori/Desktop/gatsby-new-my-blog/functions/node_modules/firebase-functions/lib/v2/index.js"} {"metadata":{"emulator":{"name":"functions"},"function":{"name":"us-central1-logTestError"},"extension":{},"message":"[runtime-status] [3380] Resolved module firebase-functions {\"declared\":true,\"installed\":true,\"version\":\"6.6.0\",\"resolution\":\"/Users/tatsu.mori/Desktop/gatsby-new-my-blog/functions/node_modules/firebase-functions/lib/v2/index.js\"}"}}
[debug] [2025-11-10T02:32:54.656Z] [runtime-status] [3380] firebase-admin has been stubbed. {"adminResolution":{"declared":true,"installed":true,"version":"13.6.0","resolution":"/Users/tatsu.mori/Desktop/gatsby-new-my-blog/functions/node_modules/firebase-admin/lib/index.js"}} {"metadata":{"emulator":{"name":"functions"},"function":{"name":"us-central1-logTestError"},"extension":{},"message":"[runtime-status] [3380] firebase-admin has been stubbed. {\"adminResolution\":{\"declared\":true,\"installed\":true,\"version\":\"13.6.0\",\"resolution\":\"/Users/tatsu.mori/Desktop/gatsby-new-my-blog/functions/node_modules/firebase-admin/lib/index.js\"}}"}}
[debug] [2025-11-10T02:32:54.656Z] [runtime-status] [3380] initializeApp(DEFAULT) {"storageBucket":"gatsby-my-blog.firebasestorage.app","projectId":"gatsby-my-blog"} {"metadata":{"emulator":{"name":"functions"},"function":{"name":"us-central1-logTestError"},"extension":{},"message":"[runtime-status] [3380] initializeApp(DEFAULT) {\"storageBucket\":\"gatsby-my-blog.firebasestorage.app\",\"projectId\":\"gatsby-my-blog\"}"}}
[warn] ⚠  functions: The Cloud Firestore emulator is not running, so calls to Firestore will affect production. {"metadata":{"emulator":{"name":"functions"},"function":{"name":"us-central1-logTestError"},"extension":{},"message":"The Cloud Firestore emulator is not running, so calls to Firestore will affect production."}}
[debug] [2025-11-10T02:32:54.658Z] [runtime-status] [3380] initializeApp(DEFAULT) {"storageBucket":"gatsby-my-blog.firebasestorage.app","projectId":"gatsby-my-blog"} {"metadata":{"emulator":{"name":"functions"},"function":{"name":"us-central1-logTestError"},"extension":{},"message":"[runtime-status] [3380] initializeApp(DEFAULT) {\"storageBucket\":\"gatsby-my-blog.firebasestorage.app\",\"projectId\":\"gatsby-my-blog\"}"}}
[debug] [2025-11-10T02:32:54.662Z] [runtime-status] [3380] Functions runtime initialized. {"cwd":"/Users/tatsu.mori/Desktop/gatsby-new-my-blog/functions","node_version":"22.19.0"} {"metadata":{"emulator":{"name":"functions"},"function":{"name":"us-central1-logTestError"},"extension":{},"message":"[runtime-status] [3380] Functions runtime initialized. {\"cwd\":\"/Users/tatsu.mori/Desktop/gatsby-new-my-blog/functions\",\"node_version\":\"22.19.0\"}"}}
[debug] [2025-11-10T02:32:54.662Z] [runtime-status] [3380] Listening to port: /var/folders/5_/st8rv9555492fv627pq7d8g80000gn/T/fire_emu_0c8cc3c0e597f01b.sock {"metadata":{"emulator":{"name":"functions"},"function":{"name":"us-central1-logTestError"},"extension":{},"message":"[runtime-status] [3380] Listening to port: /var/folders/5_/st8rv9555492fv627pq7d8g80000gn/T/fire_emu_0c8cc3c0e597f01b.sock"}}
[debug] [2025-11-10T02:32:54.667Z] [worker-us-central1-logTestError-0db6ba2f-ffdc-4c67-9e22-032df7f39c21]: IDLE {"metadata":{"emulator":{"name":"functions"},"function":{"name":"us-central1-logTestError"},"extension":{},"message":"[worker-us-central1-logTestError-0db6ba2f-ffdc-4c67-9e22-032df7f39c21]: IDLE"}}
[debug] [2025-11-10T02:32:54.668Z] [worker-pool] submitRequest(triggerId=us-central1-logTestError) {"metadata":{"emulator":{"name":"functions"},"message":"[worker-pool] submitRequest(triggerId=us-central1-logTestError)"}}
[info] i  functions: Beginning execution of "us-central1-logTestError" {"metadata":{"emulator":{"name":"functions"},"function":{"name":"us-central1-logTestError"},"extension":{},"message":"Beginning execution of \"us-central1-logTestError\""}}
[debug] [2025-11-10T02:32:54.668Z] [worker-us-central1-logTestError-0db6ba2f-ffdc-4c67-9e22-032df7f39c21]: BUSY {"metadata":{"emulator":{"name":"functions"},"function":{"name":"us-central1-logTestError"},"extension":{},"message":"[worker-us-central1-logTestError-0db6ba2f-ffdc-4c67-9e22-032df7f39c21]: BUSY"}}
[warn] ⚠  Google API requested!
   - URL: "https://oauth2.googleapis.com/token"
   - Be careful, this may be a production service. {"metadata":{"emulator":{"name":"functions"},"function":{"name":"us-central1-logTestError"},"extension":{},"message":"Google API requested!\n   - URL: \"https://oauth2.googleapis.com/token\"\n   - Be careful, this may be a production service."}}
[debug] [2025-11-10T02:32:55.907Z] Finishing up request with event=pause {"metadata":{"emulator":{"name":"functions"},"function":{"name":"us-central1-logTestError"},"extension":{},"message":"Finishing up request with event=pause"}}
[info] i  functions: Finished "us-central1-logTestError" in 1239.360708ms {"metadata":{"emulator":{"name":"functions"},"function":{"name":"us-central1-logTestError"},"extension":{},"message":"Finished \"us-central1-logTestError\" in 1239.360708ms"}}
[debug] [2025-11-10T02:32:55.907Z] [worker-us-central1-logTestError-0db6ba2f-ffdc-4c67-9e22-032df7f39c21]: IDLE {"metadata":{"emulator":{"name":"functions"},"function":{"name":"us-central1-logTestError"},"extension":{},"message":"[worker-us-central1-logTestError-0db6ba2f-ffdc-4c67-9e22-032df7f39c21]: IDLE"}}
[debug] [2025-11-10T02:32:55.907Z] Finishing up request with event=finish {"metadata":{"emulator":{"name":"functions"},"function":{"name":"us-central1-logTestError"},"extension":{},"message":"Finishing up request with event=finish"}}
[debug] [2025-11-10T02:32:55.907Z] Finishing up request with event=close {"metadata":{"emulator":{"name":"functions"},"function":{"name":"us-central1-logTestError"},"extension":{},"message":"Finishing up request with event=close"}}
[debug] [2025-11-10T02:32:55.908Z] [work-queue] {"queuedWork":[],"queueLength":0,"runningWork":[],"workRunningCount":0}
[debug] [2025-11-10T02:32:55.988Z] Functions emulator received unknown request at path /favicon.ico
[debug] [2025-11-10T03:34:39.309Z] [work-queue] {"queuedWork":["/gatsby-my-blog/us-central1/logTestError-2025-11-10T03:34:39.309Z"],"queueLength":1,"runningWork":[],"workRunningCount":0}
[debug] [2025-11-10T03:34:39.310Z] [work-queue] {"queuedWork":[],"queueLength":0,"runningWork":["/gatsby-my-blog/us-central1/logTestError-2025-11-10T03:34:39.309Z"],"workRunningCount":1}
[debug] [2025-11-10T03:34:39.310Z] Accepted request GET /gatsby-my-blog/us-central1/logTestError --> us-central1-logTestError
[debug] [2025-11-10T03:34:39.313Z] [functions] Runtime ready! Sending request! {"metadata":{"emulator":{"name":"functions"},"message":"[functions] Runtime ready! Sending request!"}}
[debug] [2025-11-10T03:34:39.313Z] [functions] Got req.url=/gatsby-my-blog/us-central1/logTestError, mapping to path=/ {"metadata":{"emulator":{"name":"functions"},"message":"[functions] Got req.url=/gatsby-my-blog/us-central1/logTestError, mapping to path=/"}}
[debug] [2025-11-10T03:34:39.313Z] [worker-pool] submitRequest(triggerId=us-central1-logTestError) {"metadata":{"emulator":{"name":"functions"},"message":"[worker-pool] submitRequest(triggerId=us-central1-logTestError)"}}
[info] i  functions: Beginning execution of "us-central1-logTestError" {"metadata":{"emulator":{"name":"functions"},"function":{"name":"us-central1-logTestError"},"extension":{},"message":"Beginning execution of \"us-central1-logTestError\""}}
[debug] [2025-11-10T03:34:39.314Z] [worker-us-central1-logTestError-0db6ba2f-ffdc-4c67-9e22-032df7f39c21]: BUSY {"metadata":{"emulator":{"name":"functions"},"function":{"name":"us-central1-logTestError"},"extension":{},"message":"[worker-us-central1-logTestError-0db6ba2f-ffdc-4c67-9e22-032df7f39c21]: BUSY"}}
[debug] [2025-11-10T03:34:39.780Z] Finishing up request with event=pause {"metadata":{"emulator":{"name":"functions"},"function":{"name":"us-central1-logTestError"},"extension":{},"message":"Finishing up request with event=pause"}}
[info] i  functions: Finished "us-central1-logTestError" in 466.694375ms {"metadata":{"emulator":{"name":"functions"},"function":{"name":"us-central1-logTestError"},"extension":{},"message":"Finished \"us-central1-logTestError\" in 466.694375ms"}}
[debug] [2025-11-10T03:34:39.781Z] [worker-us-central1-logTestError-0db6ba2f-ffdc-4c67-9e22-032df7f39c21]: IDLE {"metadata":{"emulator":{"name":"functions"},"function":{"name":"us-central1-logTestError"},"extension":{},"message":"[worker-us-central1-logTestError-0db6ba2f-ffdc-4c67-9e22-032df7f39c21]: IDLE"}}
[debug] [2025-11-10T03:34:39.781Z] Finishing up request with event=finish {"metadata":{"emulator":{"name":"functions"},"function":{"name":"us-central1-logTestError"},"extension":{},"message":"Finishing up request with event=finish"}}
[debug] [2025-11-10T03:34:39.781Z] Finishing up request with event=close {"metadata":{"emulator":{"name":"functions"},"function":{"name":"us-central1-logTestError"},"extension":{},"message":"Finishing up request with event=close"}}
[debug] [2025-11-10T03:34:39.781Z] [work-queue] {"queuedWork":[],"queueLength":0,"runningWork":[],"workRunningCount":0}
[debug] [2025-11-10T03:34:41.506Z] [work-queue] {"queuedWork":["/gatsby-my-blog/us-central1/logError-2025-11-10T03:34:41.506Z"],"queueLength":1,"runningWork":[],"workRunningCount":0}
[debug] [2025-11-10T03:34:41.506Z] [work-queue] {"queuedWork":[],"queueLength":0,"runningWork":["/gatsby-my-blog/us-central1/logError-2025-11-10T03:34:41.506Z"],"workRunningCount":1}
[debug] [2025-11-10T03:34:41.506Z] Accepted request GET /gatsby-my-blog/us-central1/logError --> us-central1-logError
[debug] [2025-11-10T03:34:41.507Z] [functions] Runtime ready! Sending request! {"metadata":{"emulator":{"name":"functions"},"message":"[functions] Runtime ready! Sending request!"}}
[debug] [2025-11-10T03:34:41.507Z] [functions] Got req.url=/gatsby-my-blog/us-central1/logError, mapping to path=/ {"metadata":{"emulator":{"name":"functions"},"message":"[functions] Got req.url=/gatsby-my-blog/us-central1/logError, mapping to path=/"}}
[debug] [2025-11-10T03:34:41.509Z] [worker-pool] addWorker(us-central1-logError) {"metadata":{"emulator":{"name":"functions"},"message":"[worker-pool] addWorker(us-central1-logError)"}}
[debug] [2025-11-10T03:34:41.509Z] [worker-pool] Adding worker with key us-central1-logError, total=1 {"metadata":{"emulator":{"name":"functions"},"message":"[worker-pool] Adding worker with key us-central1-logError, total=1"}}
[debug] [2025-11-10T03:34:42.010Z] [runtime-status] [3986] Resolved module firebase-admin {"declared":true,"installed":true,"version":"13.6.0","resolution":"/Users/tatsu.mori/Desktop/gatsby-new-my-blog/functions/node_modules/firebase-admin/lib/index.js"} {"metadata":{"emulator":{"name":"functions"},"function":{"name":"us-central1-logError"},"extension":{},"message":"[runtime-status] [3986] Resolved module firebase-admin {\"declared\":true,\"installed\":true,\"version\":\"13.6.0\",\"resolution\":\"/Users/tatsu.mori/Desktop/gatsby-new-my-blog/functions/node_modules/firebase-admin/lib/index.js\"}"}}
[debug] [2025-11-10T03:34:42.012Z] [runtime-status] [3986] Resolved module firebase-functions {"declared":true,"installed":true,"version":"6.6.0","resolution":"/Users/tatsu.mori/Desktop/gatsby-new-my-blog/functions/node_modules/firebase-functions/lib/v2/index.js"} {"metadata":{"emulator":{"name":"functions"},"function":{"name":"us-central1-logError"},"extension":{},"message":"[runtime-status] [3986] Resolved module firebase-functions {\"declared\":true,\"installed\":true,\"version\":\"6.6.0\",\"resolution\":\"/Users/tatsu.mori/Desktop/gatsby-new-my-blog/functions/node_modules/firebase-functions/lib/v2/index.js\"}"}}
[debug] [2025-11-10T03:34:42.012Z] [runtime-status] [3986] Outgoing network have been stubbed. [{"name":"http","status":"mocked"},{"name":"http","status":"mocked"},{"name":"https","status":"mocked"},{"name":"https","status":"mocked"},{"name":"net","status":"mocked"}] {"metadata":{"emulator":{"name":"functions"},"function":{"name":"us-central1-logError"},"extension":{},"message":"[runtime-status] [3986] Outgoing network have been stubbed. [{\"name\":\"http\",\"status\":\"mocked\"},{\"name\":\"http\",\"status\":\"mocked\"},{\"name\":\"https\",\"status\":\"mocked\"},{\"name\":\"https\",\"status\":\"mocked\"},{\"name\":\"net\",\"status\":\"mocked\"}]"}}
[debug] [2025-11-10T03:34:42.012Z] [runtime-status] [3986] Resolved module firebase-functions {"declared":true,"installed":true,"version":"6.6.0","resolution":"/Users/tatsu.mori/Desktop/gatsby-new-my-blog/functions/node_modules/firebase-functions/lib/v2/index.js"} {"metadata":{"emulator":{"name":"functions"},"function":{"name":"us-central1-logError"},"extension":{},"message":"[runtime-status] [3986] Resolved module firebase-functions {\"declared\":true,\"installed\":true,\"version\":\"6.6.0\",\"resolution\":\"/Users/tatsu.mori/Desktop/gatsby-new-my-blog/functions/node_modules/firebase-functions/lib/v2/index.js\"}"}}
[debug] [2025-11-10T03:34:42.174Z] [runtime-status] [3986] Checked functions.config() {"config":{}} {"metadata":{"emulator":{"name":"functions"},"function":{"name":"us-central1-logError"},"extension":{},"message":"[runtime-status] [3986] Checked functions.config() {\"config\":{}}"}}
[debug] [2025-11-10T03:34:42.174Z] [runtime-status] [3986] firebase-functions has been stubbed. {"functionsResolution":{"declared":true,"installed":true,"version":"6.6.0","resolution":"/Users/tatsu.mori/Desktop/gatsby-new-my-blog/functions/node_modules/firebase-functions/lib/v2/index.js"}} {"metadata":{"emulator":{"name":"functions"},"function":{"name":"us-central1-logError"},"extension":{},"message":"[runtime-status] [3986] firebase-functions has been stubbed. {\"functionsResolution\":{\"declared\":true,\"installed\":true,\"version\":\"6.6.0\",\"resolution\":\"/Users/tatsu.mori/Desktop/gatsby-new-my-blog/functions/node_modules/firebase-functions/lib/v2/index.js\"}}"}}
[debug] [2025-11-10T03:34:42.175Z] [runtime-status] [3986] Resolved module firebase-functions {"declared":true,"installed":true,"version":"6.6.0","resolution":"/Users/tatsu.mori/Desktop/gatsby-new-my-blog/functions/node_modules/firebase-functions/lib/v2/index.js"} {"metadata":{"emulator":{"name":"functions"},"function":{"name":"us-central1-logError"},"extension":{},"message":"[runtime-status] [3986] Resolved module firebase-functions {\"declared\":true,\"installed\":true,\"version\":\"6.6.0\",\"resolution\":\"/Users/tatsu.mori/Desktop/gatsby-new-my-blog/functions/node_modules/firebase-functions/lib/v2/index.js\"}"}}
[debug] [2025-11-10T03:34:42.176Z] [runtime-status] [3986] Resolved module firebase-admin {"declared":true,"installed":true,"version":"13.6.0","resolution":"/Users/tatsu.mori/Desktop/gatsby-new-my-blog/functions/node_modules/firebase-admin/lib/index.js"} {"metadata":{"emulator":{"name":"functions"},"function":{"name":"us-central1-logError"},"extension":{},"message":"[runtime-status] [3986] Resolved module firebase-admin {\"declared\":true,\"installed\":true,\"version\":\"13.6.0\",\"resolution\":\"/Users/tatsu.mori/Desktop/gatsby-new-my-blog/functions/node_modules/firebase-admin/lib/index.js\"}"}}
[debug] [2025-11-10T03:34:42.177Z] [runtime-status] [3986] Resolved module firebase-functions {"declared":true,"installed":true,"version":"6.6.0","resolution":"/Users/tatsu.mori/Desktop/gatsby-new-my-blog/functions/node_modules/firebase-functions/lib/v2/index.js"} {"metadata":{"emulator":{"name":"functions"},"function":{"name":"us-central1-logError"},"extension":{},"message":"[runtime-status] [3986] Resolved module firebase-functions {\"declared\":true,\"installed\":true,\"version\":\"6.6.0\",\"resolution\":\"/Users/tatsu.mori/Desktop/gatsby-new-my-blog/functions/node_modules/firebase-functions/lib/v2/index.js\"}"}}
[debug] [2025-11-10T03:34:42.177Z] [runtime-status] [3986] firebase-admin has been stubbed. {"adminResolution":{"declared":true,"installed":true,"version":"13.6.0","resolution":"/Users/tatsu.mori/Desktop/gatsby-new-my-blog/functions/node_modules/firebase-admin/lib/index.js"}} {"metadata":{"emulator":{"name":"functions"},"function":{"name":"us-central1-logError"},"extension":{},"message":"[runtime-status] [3986] firebase-admin has been stubbed. {\"adminResolution\":{\"declared\":true,\"installed\":true,\"version\":\"13.6.0\",\"resolution\":\"/Users/tatsu.mori/Desktop/gatsby-new-my-blog/functions/node_modules/firebase-admin/lib/index.js\"}}"}}
[debug] [2025-11-10T03:34:42.178Z] [runtime-status] [3986] initializeApp(DEFAULT) {"storageBucket":"gatsby-my-blog.firebasestorage.app","projectId":"gatsby-my-blog"} {"metadata":{"emulator":{"name":"functions"},"function":{"name":"us-central1-logError"},"extension":{},"message":"[runtime-status] [3986] initializeApp(DEFAULT) {\"storageBucket\":\"gatsby-my-blog.firebasestorage.app\",\"projectId\":\"gatsby-my-blog\"}"}}
[debug] [2025-11-10T03:34:42.180Z] [runtime-status] [3986] initializeApp(DEFAULT) {"storageBucket":"gatsby-my-blog.firebasestorage.app","projectId":"gatsby-my-blog"} {"metadata":{"emulator":{"name":"functions"},"function":{"name":"us-central1-logError"},"extension":{},"message":"[runtime-status] [3986] initializeApp(DEFAULT) {\"storageBucket\":\"gatsby-my-blog.firebasestorage.app\",\"projectId\":\"gatsby-my-blog\"}"}}
[debug] [2025-11-10T03:34:42.184Z] [runtime-status] [3986] Functions runtime initialized. {"cwd":"/Users/tatsu.mori/Desktop/gatsby-new-my-blog/functions","node_version":"22.19.0"} {"metadata":{"emulator":{"name":"functions"},"function":{"name":"us-central1-logError"},"extension":{},"message":"[runtime-status] [3986] Functions runtime initialized. {\"cwd\":\"/Users/tatsu.mori/Desktop/gatsby-new-my-blog/functions\",\"node_version\":\"22.19.0\"}"}}
[debug] [2025-11-10T03:34:42.184Z] [runtime-status] [3986] Listening to port: /var/folders/5_/st8rv9555492fv627pq7d8g80000gn/T/fire_emu_16054d0699a59cf0.sock {"metadata":{"emulator":{"name":"functions"},"function":{"name":"us-central1-logError"},"extension":{},"message":"[runtime-status] [3986] Listening to port: /var/folders/5_/st8rv9555492fv627pq7d8g80000gn/T/fire_emu_16054d0699a59cf0.sock"}}
[debug] [2025-11-10T03:34:42.221Z] [worker-us-central1-logError-c251cbc6-eca2-4b5d-a33b-b4651cd67d6c]: IDLE {"metadata":{"emulator":{"name":"functions"},"function":{"name":"us-central1-logError"},"extension":{},"message":"[worker-us-central1-logError-c251cbc6-eca2-4b5d-a33b-b4651cd67d6c]: IDLE"}}
[debug] [2025-11-10T03:34:42.221Z] [worker-pool] submitRequest(triggerId=us-central1-logError) {"metadata":{"emulator":{"name":"functions"},"message":"[worker-pool] submitRequest(triggerId=us-central1-logError)"}}
[info] i  functions: Beginning execution of "us-central1-logError" {"metadata":{"emulator":{"name":"functions"},"function":{"name":"us-central1-logError"},"extension":{},"message":"Beginning execution of \"us-central1-logError\""}}
[debug] [2025-11-10T03:34:42.221Z] [worker-us-central1-logError-c251cbc6-eca2-4b5d-a33b-b4651cd67d6c]: BUSY {"metadata":{"emulator":{"name":"functions"},"function":{"name":"us-central1-logError"},"extension":{},"message":"[worker-us-central1-logError-c251cbc6-eca2-4b5d-a33b-b4651cd67d6c]: BUSY"}}
[debug] [2025-11-10T03:34:42.224Z] Finishing up request with event=pause {"metadata":{"emulator":{"name":"functions"},"function":{"name":"us-central1-logError"},"extension":{},"message":"Finishing up request with event=pause"}}
[info] i  functions: Finished "us-central1-logError" in 2.469292ms {"metadata":{"emulator":{"name":"functions"},"function":{"name":"us-central1-logError"},"extension":{},"message":"Finished \"us-central1-logError\" in 2.469292ms"}}
[debug] [2025-11-10T03:34:42.224Z] [worker-us-central1-logError-c251cbc6-eca2-4b5d-a33b-b4651cd67d6c]: IDLE {"metadata":{"emulator":{"name":"functions"},"function":{"name":"us-central1-logError"},"extension":{},"message":"[worker-us-central1-logError-c251cbc6-eca2-4b5d-a33b-b4651cd67d6c]: IDLE"}}
[debug] [2025-11-10T03:34:42.224Z] Finishing up request with event=finish {"metadata":{"emulator":{"name":"functions"},"function":{"name":"us-central1-logError"},"extension":{},"message":"Finishing up request with event=finish"}}
[debug] [2025-11-10T03:34:42.224Z] Finishing up request with event=close {"metadata":{"emulator":{"name":"functions"},"function":{"name":"us-central1-logError"},"extension":{},"message":"Finishing up request with event=close"}}
[debug] [2025-11-10T03:34:42.224Z] [work-queue] {"queuedWork":[],"queueLength":0,"runningWork":[],"workRunningCount":0}
[debug] [2025-11-10T03:34:49.688Z] [work-queue] {"queuedWork":["/gatsby-my-blog/us-central1/helloWorld-2025-11-10T03:34:49.688Z"],"queueLength":1,"runningWork":[],"workRunningCount":0}
[debug] [2025-11-10T03:34:49.688Z] [work-queue] {"queuedWork":[],"queueLength":0,"runningWork":["/gatsby-my-blog/us-central1/helloWorld-2025-11-10T03:34:49.688Z"],"workRunningCount":1}
[debug] [2025-11-10T03:34:49.688Z] Accepted request GET /gatsby-my-blog/us-central1/helloWorld --> us-central1-helloWorld
[debug] [2025-11-10T03:34:49.690Z] [functions] Runtime ready! Sending request! {"metadata":{"emulator":{"name":"functions"},"message":"[functions] Runtime ready! Sending request!"}}
[debug] [2025-11-10T03:34:49.690Z] [functions] Got req.url=/gatsby-my-blog/us-central1/helloWorld, mapping to path=/ {"metadata":{"emulator":{"name":"functions"},"message":"[functions] Got req.url=/gatsby-my-blog/us-central1/helloWorld, mapping to path=/"}}
[debug] [2025-11-10T03:34:49.691Z] [worker-pool] addWorker(us-central1-helloWorld) {"metadata":{"emulator":{"name":"functions"},"message":"[worker-pool] addWorker(us-central1-helloWorld)"}}
[debug] [2025-11-10T03:34:49.691Z] [worker-pool] Adding worker with key us-central1-helloWorld, total=1 {"metadata":{"emulator":{"name":"functions"},"message":"[worker-pool] Adding worker with key us-central1-helloWorld, total=1"}}
[debug] [2025-11-10T03:34:50.025Z] [runtime-status] [3995] Resolved module firebase-admin {"declared":true,"installed":true,"version":"13.6.0","resolution":"/Users/tatsu.mori/Desktop/gatsby-new-my-blog/functions/node_modules/firebase-admin/lib/index.js"} {"metadata":{"emulator":{"name":"functions"},"function":{"name":"us-central1-helloWorld"},"extension":{},"message":"[runtime-status] [3995] Resolved module firebase-admin {\"declared\":true,\"installed\":true,\"version\":\"13.6.0\",\"resolution\":\"/Users/tatsu.mori/Desktop/gatsby-new-my-blog/functions/node_modules/firebase-admin/lib/index.js\"}"}}
[debug] [2025-11-10T03:34:50.026Z] [runtime-status] [3995] Resolved module firebase-functions {"declared":true,"installed":true,"version":"6.6.0","resolution":"/Users/tatsu.mori/Desktop/gatsby-new-my-blog/functions/node_modules/firebase-functions/lib/v2/index.js"} {"metadata":{"emulator":{"name":"functions"},"function":{"name":"us-central1-helloWorld"},"extension":{},"message":"[runtime-status] [3995] Resolved module firebase-functions {\"declared\":true,\"installed\":true,\"version\":\"6.6.0\",\"resolution\":\"/Users/tatsu.mori/Desktop/gatsby-new-my-blog/functions/node_modules/firebase-functions/lib/v2/index.js\"}"}}
[debug] [2025-11-10T03:34:50.026Z] [runtime-status] [3995] Outgoing network have been stubbed. [{"name":"http","status":"mocked"},{"name":"http","status":"mocked"},{"name":"https","status":"mocked"},{"name":"https","status":"mocked"},{"name":"net","status":"mocked"}] {"metadata":{"emulator":{"name":"functions"},"function":{"name":"us-central1-helloWorld"},"extension":{},"message":"[runtime-status] [3995] Outgoing network have been stubbed. [{\"name\":\"http\",\"status\":\"mocked\"},{\"name\":\"http\",\"status\":\"mocked\"},{\"name\":\"https\",\"status\":\"mocked\"},{\"name\":\"https\",\"status\":\"mocked\"},{\"name\":\"net\",\"status\":\"mocked\"}]"}}
[debug] [2025-11-10T03:34:50.026Z] [runtime-status] [3995] Resolved module firebase-functions {"declared":true,"installed":true,"version":"6.6.0","resolution":"/Users/tatsu.mori/Desktop/gatsby-new-my-blog/functions/node_modules/firebase-functions/lib/v2/index.js"} {"metadata":{"emulator":{"name":"functions"},"function":{"name":"us-central1-helloWorld"},"extension":{},"message":"[runtime-status] [3995] Resolved module firebase-functions {\"declared\":true,\"installed\":true,\"version\":\"6.6.0\",\"resolution\":\"/Users/tatsu.mori/Desktop/gatsby-new-my-blog/functions/node_modules/firebase-functions/lib/v2/index.js\"}"}}
[debug] [2025-11-10T03:34:50.120Z] [runtime-status] [3995] Checked functions.config() {"config":{}} {"metadata":{"emulator":{"name":"functions"},"function":{"name":"us-central1-helloWorld"},"extension":{},"message":"[runtime-status] [3995] Checked functions.config() {\"config\":{}}"}}
[debug] [2025-11-10T03:34:50.120Z] [runtime-status] [3995] firebase-functions has been stubbed. {"functionsResolution":{"declared":true,"installed":true,"version":"6.6.0","resolution":"/Users/tatsu.mori/Desktop/gatsby-new-my-blog/functions/node_modules/firebase-functions/lib/v2/index.js"}} {"metadata":{"emulator":{"name":"functions"},"function":{"name":"us-central1-helloWorld"},"extension":{},"message":"[runtime-status] [3995] firebase-functions has been stubbed. {\"functionsResolution\":{\"declared\":true,\"installed\":true,\"version\":\"6.6.0\",\"resolution\":\"/Users/tatsu.mori/Desktop/gatsby-new-my-blog/functions/node_modules/firebase-functions/lib/v2/index.js\"}}"}}
[debug] [2025-11-10T03:34:50.120Z] [runtime-status] [3995] Resolved module firebase-functions {"declared":true,"installed":true,"version":"6.6.0","resolution":"/Users/tatsu.mori/Desktop/gatsby-new-my-blog/functions/node_modules/firebase-functions/lib/v2/index.js"} {"metadata":{"emulator":{"name":"functions"},"function":{"name":"us-central1-helloWorld"},"extension":{},"message":"[runtime-status] [3995] Resolved module firebase-functions {\"declared\":true,\"installed\":true,\"version\":\"6.6.0\",\"resolution\":\"/Users/tatsu.mori/Desktop/gatsby-new-my-blog/functions/node_modules/firebase-functions/lib/v2/index.js\"}"}}
[debug] [2025-11-10T03:34:50.121Z] [runtime-status] [3995] Resolved module firebase-admin {"declared":true,"installed":true,"version":"13.6.0","resolution":"/Users/tatsu.mori/Desktop/gatsby-new-my-blog/functions/node_modules/firebase-admin/lib/index.js"} {"metadata":{"emulator":{"name":"functions"},"function":{"name":"us-central1-helloWorld"},"extension":{},"message":"[runtime-status] [3995] Resolved module firebase-admin {\"declared\":true,\"installed\":true,\"version\":\"13.6.0\",\"resolution\":\"/Users/tatsu.mori/Desktop/gatsby-new-my-blog/functions/node_modules/firebase-admin/lib/index.js\"}"}}
[debug] [2025-11-10T03:34:50.122Z] [runtime-status] [3995] Resolved module firebase-functions {"declared":true,"installed":true,"version":"6.6.0","resolution":"/Users/tatsu.mori/Desktop/gatsby-new-my-blog/functions/node_modules/firebase-functions/lib/v2/index.js"} {"metadata":{"emulator":{"name":"functions"},"function":{"name":"us-central1-helloWorld"},"extension":{},"message":"[runtime-status] [3995] Resolved module firebase-functions {\"declared\":true,\"installed\":true,\"version\":\"6.6.0\",\"resolution\":\"/Users/tatsu.mori/Desktop/gatsby-new-my-blog/functions/node_modules/firebase-functions/lib/v2/index.js\"}"}}
[debug] [2025-11-10T03:34:50.122Z] [runtime-status] [3995] firebase-admin has been stubbed. {"adminResolution":{"declared":true,"installed":true,"version":"13.6.0","resolution":"/Users/tatsu.mori/Desktop/gatsby-new-my-blog/functions/node_modules/firebase-admin/lib/index.js"}} {"metadata":{"emulator":{"name":"functions"},"function":{"name":"us-central1-helloWorld"},"extension":{},"message":"[runtime-status] [3995] firebase-admin has been stubbed. {\"adminResolution\":{\"declared\":true,\"installed\":true,\"version\":\"13.6.0\",\"resolution\":\"/Users/tatsu.mori/Desktop/gatsby-new-my-blog/functions/node_modules/firebase-admin/lib/index.js\"}}"}}
[debug] [2025-11-10T03:34:50.123Z] [runtime-status] [3995] initializeApp(DEFAULT) {"storageBucket":"gatsby-my-blog.firebasestorage.app","projectId":"gatsby-my-blog"} {"metadata":{"emulator":{"name":"functions"},"function":{"name":"us-central1-helloWorld"},"extension":{},"message":"[runtime-status] [3995] initializeApp(DEFAULT) {\"storageBucket\":\"gatsby-my-blog.firebasestorage.app\",\"projectId\":\"gatsby-my-blog\"}"}}
[debug] [2025-11-10T03:34:50.124Z] [runtime-status] [3995] initializeApp(DEFAULT) {"storageBucket":"gatsby-my-blog.firebasestorage.app","projectId":"gatsby-my-blog"} {"metadata":{"emulator":{"name":"functions"},"function":{"name":"us-central1-helloWorld"},"extension":{},"message":"[runtime-status] [3995] initializeApp(DEFAULT) {\"storageBucket\":\"gatsby-my-blog.firebasestorage.app\",\"projectId\":\"gatsby-my-blog\"}"}}
[debug] [2025-11-10T03:34:50.127Z] [runtime-status] [3995] Functions runtime initialized. {"cwd":"/Users/tatsu.mori/Desktop/gatsby-new-my-blog/functions","node_version":"22.19.0"} {"metadata":{"emulator":{"name":"functions"},"function":{"name":"us-central1-helloWorld"},"extension":{},"message":"[runtime-status] [3995] Functions runtime initialized. {\"cwd\":\"/Users/tatsu.mori/Desktop/gatsby-new-my-blog/functions\",\"node_version\":\"22.19.0\"}"}}
[debug] [2025-11-10T03:34:50.127Z] [runtime-status] [3995] Listening to port: /var/folders/5_/st8rv9555492fv627pq7d8g80000gn/T/fire_emu_957428bebd26dc28.sock {"metadata":{"emulator":{"name":"functions"},"function":{"name":"us-central1-helloWorld"},"extension":{},"message":"[runtime-status] [3995] Listening to port: /var/folders/5_/st8rv9555492fv627pq7d8g80000gn/T/fire_emu_957428bebd26dc28.sock"}}
[debug] [2025-11-10T03:34:50.203Z] [worker-us-central1-helloWorld-b9c6dcc2-bd4d-4e89-be13-90086c4b9c58]: IDLE {"metadata":{"emulator":{"name":"functions"},"function":{"name":"us-central1-helloWorld"},"extension":{},"message":"[worker-us-central1-helloWorld-b9c6dcc2-bd4d-4e89-be13-90086c4b9c58]: IDLE"}}
[debug] [2025-11-10T03:34:50.203Z] [worker-pool] submitRequest(triggerId=us-central1-helloWorld) {"metadata":{"emulator":{"name":"functions"},"message":"[worker-pool] submitRequest(triggerId=us-central1-helloWorld)"}}
[info] i  functions: Beginning execution of "us-central1-helloWorld" {"metadata":{"emulator":{"name":"functions"},"function":{"name":"us-central1-helloWorld"},"extension":{},"message":"Beginning execution of \"us-central1-helloWorld\""}}
[debug] [2025-11-10T03:34:50.203Z] [worker-us-central1-helloWorld-b9c6dcc2-bd4d-4e89-be13-90086c4b9c58]: BUSY {"metadata":{"emulator":{"name":"functions"},"function":{"name":"us-central1-helloWorld"},"extension":{},"message":"[worker-us-central1-helloWorld-b9c6dcc2-bd4d-4e89-be13-90086c4b9c58]: BUSY"}}
[info] >  {"structuredData":true,"severity":"INFO","message":"Hello logs!"} {"user":{"structuredData":true,"severity":"INFO","message":"Hello logs!"},"metadata":{"emulator":{"name":"functions"},"function":{"name":"us-central1-helloWorld"},"extension":{},"message":"\u001b[90m> \u001b[39m {\"structuredData\":true,\"severity\":\"INFO\",\"message\":\"Hello logs!\"}"}}
[debug] [2025-11-10T03:34:50.206Z] Finishing up request with event=pause {"metadata":{"emulator":{"name":"functions"},"function":{"name":"us-central1-helloWorld"},"extension":{},"message":"Finishing up request with event=pause"}}
[info] i  functions: Finished "us-central1-helloWorld" in 3.025083ms {"metadata":{"emulator":{"name":"functions"},"function":{"name":"us-central1-helloWorld"},"extension":{},"message":"Finished \"us-central1-helloWorld\" in 3.025083ms"}}
[debug] [2025-11-10T03:34:50.207Z] [worker-us-central1-helloWorld-b9c6dcc2-bd4d-4e89-be13-90086c4b9c58]: IDLE {"metadata":{"emulator":{"name":"functions"},"function":{"name":"us-central1-helloWorld"},"extension":{},"message":"[worker-us-central1-helloWorld-b9c6dcc2-bd4d-4e89-be13-90086c4b9c58]: IDLE"}}
[debug] [2025-11-10T03:34:50.207Z] Finishing up request with event=finish {"metadata":{"emulator":{"name":"functions"},"function":{"name":"us-central1-helloWorld"},"extension":{},"message":"Finishing up request with event=finish"}}
[debug] [2025-11-10T03:34:50.207Z] Finishing up request with event=close {"metadata":{"emulator":{"name":"functions"},"function":{"name":"us-central1-helloWorld"},"extension":{},"message":"Finishing up request with event=close"}}
[debug] [2025-11-10T03:34:50.207Z] [work-queue] {"queuedWork":[],"queueLength":0,"runningWork":[],"workRunningCount":0}
[debug] [2025-11-10T03:34:56.606Z] [work-queue] {"queuedWork":["/gatsby-my-blog/us-central1/logTestError-2025-11-10T03:34:56.606Z"],"queueLength":1,"runningWork":[],"workRunningCount":0}
[debug] [2025-11-10T03:34:56.606Z] [work-queue] {"queuedWork":[],"queueLength":0,"runningWork":["/gatsby-my-blog/us-central1/logTestError-2025-11-10T03:34:56.606Z"],"workRunningCount":1}
[debug] [2025-11-10T03:34:56.606Z] Accepted request GET /gatsby-my-blog/us-central1/logTestError --> us-central1-logTestError
[debug] [2025-11-10T03:34:56.608Z] [functions] Runtime ready! Sending request! {"metadata":{"emulator":{"name":"functions"},"message":"[functions] Runtime ready! Sending request!"}}
[debug] [2025-11-10T03:34:56.608Z] [functions] Got req.url=/gatsby-my-blog/us-central1/logTestError, mapping to path=/ {"metadata":{"emulator":{"name":"functions"},"message":"[functions] Got req.url=/gatsby-my-blog/us-central1/logTestError, mapping to path=/"}}
[debug] [2025-11-10T03:34:56.608Z] [worker-pool] submitRequest(triggerId=us-central1-logTestError) {"metadata":{"emulator":{"name":"functions"},"message":"[worker-pool] submitRequest(triggerId=us-central1-logTestError)"}}
[info] i  functions: Beginning execution of "us-central1-logTestError" {"metadata":{"emulator":{"name":"functions"},"function":{"name":"us-central1-logTestError"},"extension":{},"message":"Beginning execution of \"us-central1-logTestError\""}}
[debug] [2025-11-10T03:34:56.608Z] [worker-us-central1-logTestError-0db6ba2f-ffdc-4c67-9e22-032df7f39c21]: BUSY {"metadata":{"emulator":{"name":"functions"},"function":{"name":"us-central1-logTestError"},"extension":{},"message":"[worker-us-central1-logTestError-0db6ba2f-ffdc-4c67-9e22-032df7f39c21]: BUSY"}}
[debug] [2025-11-10T03:34:56.808Z] Finishing up request with event=pause {"metadata":{"emulator":{"name":"functions"},"function":{"name":"us-central1-logTestError"},"extension":{},"message":"Finishing up request with event=pause"}}
[info] i  functions: Finished "us-central1-logTestError" in 199.800625ms {"metadata":{"emulator":{"name":"functions"},"function":{"name":"us-central1-logTestError"},"extension":{},"message":"Finished \"us-central1-logTestError\" in 199.800625ms"}}
[debug] [2025-11-10T03:34:56.808Z] [worker-us-central1-logTestError-0db6ba2f-ffdc-4c67-9e22-032df7f39c21]: IDLE {"metadata":{"emulator":{"name":"functions"},"function":{"name":"us-central1-logTestError"},"extension":{},"message":"[worker-us-central1-logTestError-0db6ba2f-ffdc-4c67-9e22-032df7f39c21]: IDLE"}}
[debug] [2025-11-10T03:34:56.808Z] Finishing up request with event=finish {"metadata":{"emulator":{"name":"functions"},"function":{"name":"us-central1-logTestError"},"extension":{},"message":"Finishing up request with event=finish"}}
[debug] [2025-11-10T03:34:56.809Z] Finishing up request with event=close {"metadata":{"emulator":{"name":"functions"},"function":{"name":"us-central1-logTestError"},"extension":{},"message":"Finishing up request with event=close"}}
[debug] [2025-11-10T03:34:56.809Z] [work-queue] {"queuedWork":[],"queueLength":0,"runningWork":[],"workRunningCount":0}
